<?xml version="1.0" encoding="UTF-8"?>
<!-- Generated by org.testng.reporters.JUnitReportReporter -->
<testsuite hostname="DESKTOP-TH0V11K" failures="0" tests="1" name="module.Buttons" time="22.574" errors="0" timestamp="2024-10-05T12:41:37 IST" skipped="0">
  <testcase classname="module.Buttons" name="click" time="22.574"/>
  <system-out/>
</testsuite> <!-- module.Buttons -->
