<?xml version="1.0" encoding="UTF-8"?>
<!-- Generated by org.testng.reporters.JUnitReportReporter -->
<testsuite hostname="DESKTOP-TH0V11K" failures="0" tests="1" name="module.Sortable" time="34.934" errors="0" timestamp="2024-10-17T10:14:56 IST" skipped="0">
  <testcase classname="module.Sortable" name="sortable" time="34.934"/>
  <system-out/>
</testsuite> <!-- module.Sortable -->
