<?xml version="1.0" encoding="UTF-8"?>
<!-- Generated by org.testng.reporters.JUnitReportReporter -->
<testsuite hostname="DESKTOP-TH0V11K" failures="0" tests="1" name="module.UploadAndDownload" time="14.738" errors="0" timestamp="2024-10-05T13:25:51 IST" skipped="0">
  <testcase classname="module.UploadAndDownload" name="updown" time="14.738"/>
  <system-out/>
</testsuite> <!-- module.UploadAndDownload -->
