<?xml version="1.0" encoding="UTF-8"?>
<!-- Generated by org.testng.reporters.JUnitReportReporter -->
<testsuite hostname="DESKTOP-TH0V11K" failures="0" tests="1" name="module.WebTable" time="2.116" errors="0" timestamp="2024-10-04T12:21:32 IST" skipped="0">
  <testcase classname="module.WebTable" name="test" time="2.116"/>
  <system-out/>
</testsuite> <!-- module.WebTable -->
