<?xml version="1.0" encoding="UTF-8"?>
<!-- Generated by org.testng.reporters.JUnitReportReporter -->
<testsuite hostname="DESKTOP-TH0V11K" failures="0" tests="3" name="module.Loging" time="6.533" errors="0" timestamp="2024-10-04T12:27:52 IST" skipped="0">
  <testcase classname="module.Loging" name="login" time="2.128"/>
  <system-out/>
  <testcase classname="module.Loging" name="password" time="2.232"/>
  <system-out/>
  <testcase classname="module.Loging" name="user" time="2.173"/>
  <system-out/>
</testsuite> <!-- module.Loging -->
