<?xml version="1.0" encoding="UTF-8"?>
<!-- Generated by org.testng.reporters.JUnitReportReporter -->
<testsuite hostname="DESKTOP-TH0V11K" failures="0" tests="1" name="module.Froms" time="54.644" errors="0" timestamp="2024-10-05T12:56:20 IST" skipped="0">
  <testcase classname="module.Froms" name="practice" time="54.644"/>
  <system-out/>
</testsuite> <!-- module.Froms -->
