<?xml version="1.0" encoding="UTF-8"?>
<!-- Generated by org.testng.reporters.JUnitReportReporter -->
<testsuite hostname="DESKTOP-TH0V11K" failures="0" tests="1" name="module.Interactions" time="11.800" errors="0" timestamp="2024-10-17T10:08:26 IST" skipped="0">
  <testcase classname="module.Interactions" name="sortable" time="11.800"/>
  <system-out/>
</testsuite> <!-- module.Interactions -->
