<?xml version="1.0" encoding="UTF-8"?>
<!-- Generated by org.testng.reporters.JUnitReportReporter -->
<testsuite hostname="DESKTOP-TH0V11K" failures="0" tests="1" name="module.BrokenLinksImages" time="64.241" errors="0" timestamp="2024-10-05T11:24:49 IST" skipped="0">
  <testcase classname="module.BrokenLinksImages" name="broken" time="64.241"/>
  <system-out/>
</testsuite> <!-- module.BrokenLinksImages -->
