<?xml version="1.0" encoding="UTF-8"?>
<!-- Generated by org.testng.reporters.JUnitReportReporter -->
<testsuite hostname="DESKTOP-TH0V11K" failures="0" tests="6" name="module.Register" time="15.185" errors="0" timestamp="2024-10-04T12:26:35 IST" skipped="0">
  <testcase classname="module.Register" name="password" time="2.167"/>
  <system-out/>
  <testcase classname="module.Register" name="username" time="2.177"/>
  <system-out/>
  <testcase classname="module.Register" name="lastname" time="2.178"/>
  <system-out/>
  <testcase classname="module.Register" name="click" time="4.391"/>
  <system-out/>
  <testcase classname="module.Register" name="register" time="2.144"/>
  <system-out/>
  <testcase classname="module.Register" name="firstname" time="2.128"/>
  <system-out/>
</testsuite> <!-- module.Register -->
