<?xml version="1.0" encoding="UTF-8"?>
<!-- Generated by org.testng.reporters.JUnitReportReporter -->
<testsuite hostname="DESKTOP-TH0V11K" failures="0" tests="1" name="module.DynamicProperties" time="12.176" errors="0" timestamp="2024-10-05T12:44:38 IST" skipped="0">
  <testcase classname="module.DynamicProperties" name="dynamic" time="12.176"/>
  <system-out/>
</testsuite> <!-- module.DynamicProperties -->
