<?xml version="1.0" encoding="UTF-8"?>
<!-- Generated by org.testng.reporters.JUnitReportReporter -->
<testsuite hostname="DESKTOP-TH0V11K" failures="0" tests="1" name="module.ModalDialogs" time="34.875" errors="0" timestamp="2024-10-05T13:15:10 IST" skipped="0">
  <testcase classname="module.ModalDialogs" name="Modal" time="34.875"/>
  <system-out/>
</testsuite> <!-- module.ModalDialogs -->
